<?xml version="1.0" encoding="UTF-8"?>
<testsuite xmlns:xsi="http://www.w3.org/2001/XMLSchema-instance" xsi:noNamespaceSchemaLocation="https://maven.apache.org/surefire/maven-surefire-plugin/xsd/surefire-test-report.xsd" name="TestSuite" time="11.102" tests="66" errors="0" skipped="0" failures="13">
  <properties>
    <property name="sun.desktop" value="windows"/>
    <property name="awt.toolkit" value="sun.awt.windows.WToolkit"/>
    <property name="file.encoding.pkg" value="sun.io"/>
    <property name="java.specification.version" value="1.8"/>
    <property name="sun.cpu.isalist" value="amd64"/>
    <property name="sun.jnu.encoding" value="GBK"/>
    <property name="java.class.path" value="C:\Program Files (x86)\apache-maven-3.6.3\bin\..\boot\plexus-classworlds-2.6.0.jar"/>
    <property name="java.vm.vendor" value="Oracle Corporation"/>
    <property name="sun.arch.data.model" value="64"/>
    <property name="user.variant" value=""/>
    <property name="java.vendor.url" value="http://java.oracle.com/"/>
    <property name="user.timezone" value="Asia/Shanghai"/>
    <property name="maven.conf" value="C:\Program Files (x86)\apache-maven-3.6.3\bin\../conf"/>
    <property name="os.name" value="Windows 10"/>
    <property name="java.vm.specification.version" value="1.8"/>
    <property name="user.country" value="CN"/>
    <property name="sun.java.launcher" value="SUN_STANDARD"/>
    <property name="sun.boot.library.path" value="C:\Program Files\Java\jdk1.8.0_65\jre\bin"/>
    <property name="sun.java.command" value="org.codehaus.plexus.classworlds.launcher.Launcher clean test"/>
    <property name="maven.home" value="C:\Program Files (x86)\apache-maven-3.6.3\bin\.."/>
    <property name="surefire.test.class.path" value="C:\Users\SEMON\IdeaProjects\Java_project\target\test-classes;C:\Users\SEMON\IdeaProjects\Java_project\target\classes;C:\Users\SEMON\.m2\repository\org\testng\testng\6.14.3\testng-6.14.3.jar;C:\Users\SEMON\.m2\repository\com\beust\jcommander\1.72\jcommander-1.72.jar;C:\Users\SEMON\.m2\repository\org\apache-extras\beanshell\bsh\2.0b6\bsh-2.0b6.jar;C:\Users\SEMON\.m2\repository\io\appium\java-client\7.3.0\java-client-7.3.0.jar;C:\Users\SEMON\.m2\repository\org\seleniumhq\selenium\selenium-java\3.141.59\selenium-java-3.141.59.jar;C:\Users\SEMON\.m2\repository\org\seleniumhq\selenium\selenium-chrome-driver\3.141.59\selenium-chrome-driver-3.141.59.jar;C:\Users\SEMON\.m2\repository\org\seleniumhq\selenium\selenium-edge-driver\3.141.59\selenium-edge-driver-3.141.59.jar;C:\Users\SEMON\.m2\repository\org\seleniumhq\selenium\selenium-firefox-driver\3.141.59\selenium-firefox-driver-3.141.59.jar;C:\Users\SEMON\.m2\repository\org\seleniumhq\selenium\selenium-ie-driver\3.141.59\selenium-ie-driver-3.141.59.jar;C:\Users\SEMON\.m2\repository\org\seleniumhq\selenium\selenium-opera-driver\3.141.59\selenium-opera-driver-3.141.59.jar;C:\Users\SEMON\.m2\repository\org\seleniumhq\selenium\selenium-remote-driver\3.141.59\selenium-remote-driver-3.141.59.jar;C:\Users\SEMON\.m2\repository\org\seleniumhq\selenium\selenium-safari-driver\3.141.59\selenium-safari-driver-3.141.59.jar;C:\Users\SEMON\.m2\repository\net\bytebuddy\byte-buddy\1.8.15\byte-buddy-1.8.15.jar;C:\Users\SEMON\.m2\repository\org\apache\commons\commons-exec\1.3\commons-exec-1.3.jar;C:\Users\SEMON\.m2\repository\com\squareup\okhttp3\okhttp\3.11.0\okhttp-3.11.0.jar;C:\Users\SEMON\.m2\repository\com\squareup\okio\okio\1.14.0\okio-1.14.0.jar;C:\Users\SEMON\.m2\repository\org\seleniumhq\selenium\selenium-support\3.141.59\selenium-support-3.141.59.jar;C:\Users\SEMON\.m2\repository\org\seleniumhq\selenium\selenium-api\3.141.59\selenium-api-3.141.59.jar;C:\Users\SEMON\.m2\repository\com\google\code\gson\gson\2.8.5\gson-2.8.5.jar;C:\Users\SEMON\.m2\repository\org\apache\httpcomponents\httpclient\4.5.9\httpclient-4.5.9.jar;C:\Users\SEMON\.m2\repository\org\apache\httpcomponents\httpcore\4.4.11\httpcore-4.4.11.jar;C:\Users\SEMON\.m2\repository\commons-codec\commons-codec\1.11\commons-codec-1.11.jar;C:\Users\SEMON\.m2\repository\cglib\cglib\3.2.12\cglib-3.2.12.jar;C:\Users\SEMON\.m2\repository\org\ow2\asm\asm\7.1\asm-7.1.jar;C:\Users\SEMON\.m2\repository\commons-validator\commons-validator\1.6\commons-validator-1.6.jar;C:\Users\SEMON\.m2\repository\commons-digester\commons-digester\1.8.1\commons-digester-1.8.1.jar;C:\Users\SEMON\.m2\repository\org\apache\commons\commons-lang3\3.9\commons-lang3-3.9.jar;C:\Users\SEMON\.m2\repository\commons-io\commons-io\2.6\commons-io-2.6.jar;C:\Users\SEMON\.m2\repository\org\springframework\spring-context\5.1.8.RELEASE\spring-context-5.1.8.RELEASE.jar;C:\Users\SEMON\.m2\repository\org\springframework\spring-aop\5.1.8.RELEASE\spring-aop-5.1.8.RELEASE.jar;C:\Users\SEMON\.m2\repository\org\springframework\spring-beans\5.1.8.RELEASE\spring-beans-5.1.8.RELEASE.jar;C:\Users\SEMON\.m2\repository\org\springframework\spring-core\5.1.8.RELEASE\spring-core-5.1.8.RELEASE.jar;C:\Users\SEMON\.m2\repository\org\springframework\spring-jcl\5.1.8.RELEASE\spring-jcl-5.1.8.RELEASE.jar;C:\Users\SEMON\.m2\repository\org\springframework\spring-expression\5.1.8.RELEASE\spring-expression-5.1.8.RELEASE.jar;C:\Users\SEMON\.m2\repository\org\slf4j\slf4j-api\1.7.26\slf4j-api-1.7.26.jar;C:\Users\SEMON\.m2\repository\net\sf\json-lib\json-lib\2.4\json-lib-2.4-jdk15.jar;C:\Users\SEMON\.m2\repository\commons-beanutils\commons-beanutils\1.8.0\commons-beanutils-1.8.0.jar;C:\Users\SEMON\.m2\repository\commons-collections\commons-collections\3.2.1\commons-collections-3.2.1.jar;C:\Users\SEMON\.m2\repository\commons-lang\commons-lang\2.5\commons-lang-2.5.jar;C:\Users\SEMON\.m2\repository\commons-logging\commons-logging\1.1.1\commons-logging-1.1.1.jar;C:\Users\SEMON\.m2\repository\net\sf\ezmorph\ezmorph\1.0.6\ezmorph-1.0.6.jar;C:\Users\SEMON\.m2\repository\com\alibaba\fastjson\1.2.15\fastjson-1.2.15.jar;C:\Users\SEMON\.m2\repository\io\rest-assured\rest-assured\4.3.3\rest-assured-4.3.3.jar;C:\Users\SEMON\.m2\repository\org\codehaus\groovy\groovy\3.0.7\groovy-3.0.7.jar;C:\Users\SEMON\.m2\repository\org\codehaus\groovy\groovy-xml\3.0.7\groovy-xml-3.0.7.jar;C:\Users\SEMON\.m2\repository\org\apache\httpcomponents\httpmime\4.5.3\httpmime-4.5.3.jar;C:\Users\SEMON\.m2\repository\org\hamcrest\hamcrest\2.1\hamcrest-2.1.jar;C:\Users\SEMON\.m2\repository\org\ccil\cowan\tagsoup\tagsoup\1.2.1\tagsoup-1.2.1.jar;C:\Users\SEMON\.m2\repository\io\rest-assured\json-path\4.3.3\json-path-4.3.3.jar;C:\Users\SEMON\.m2\repository\org\codehaus\groovy\groovy-json\3.0.7\groovy-json-3.0.7.jar;C:\Users\SEMON\.m2\repository\io\rest-assured\rest-assured-common\4.3.3\rest-assured-common-4.3.3.jar;C:\Users\SEMON\.m2\repository\io\rest-assured\xml-path\4.3.3\xml-path-4.3.3.jar;C:\Users\SEMON\.m2\repository\jakarta\xml\bind\jakarta.xml.bind-api\2.3.3\jakarta.xml.bind-api-2.3.3.jar;C:\Users\SEMON\.m2\repository\jakarta\activation\jakarta.activation-api\1.2.2\jakarta.activation-api-1.2.2.jar;C:\Users\SEMON\.m2\repository\com\sun\xml\bind\jaxb-impl\2.3.3\jaxb-impl-2.3.3.jar;C:\Users\SEMON\.m2\repository\com\fasterxml\jackson\core\jackson-databind\2.12.3\jackson-databind-2.12.3.jar;C:\Users\SEMON\.m2\repository\com\fasterxml\jackson\core\jackson-annotations\2.12.3\jackson-annotations-2.12.3.jar;C:\Users\SEMON\.m2\repository\com\fasterxml\jackson\core\jackson-core\2.12.3\jackson-core-2.12.3.jar;C:\Users\SEMON\.m2\repository\cn\afterturn\easypoi-base\4.4.0\easypoi-base-4.4.0.jar;C:\Users\SEMON\.m2\repository\org\apache\poi\poi\4.1.1\poi-4.1.1.jar;C:\Users\SEMON\.m2\repository\org\apache\commons\commons-collections4\4.4\commons-collections4-4.4.jar;C:\Users\SEMON\.m2\repository\org\apache\commons\commons-math3\3.6.1\commons-math3-3.6.1.jar;C:\Users\SEMON\.m2\repository\org\apache\poi\poi-ooxml\4.1.1\poi-ooxml-4.1.1.jar;C:\Users\SEMON\.m2\repository\org\apache\commons\commons-compress\1.19\commons-compress-1.19.jar;C:\Users\SEMON\.m2\repository\com\github\virtuald\curvesapi\1.06\curvesapi-1.06.jar;C:\Users\SEMON\.m2\repository\org\apache\poi\poi-ooxml-schemas\4.1.1\poi-ooxml-schemas-4.1.1.jar;C:\Users\SEMON\.m2\repository\org\apache\xmlbeans\xmlbeans\3.1.0\xmlbeans-3.1.0.jar;C:\Users\SEMON\.m2\repository\com\google\guava\guava\16.0.1\guava-16.0.1.jar;C:\Users\SEMON\.m2\repository\ognl\ognl\3.2.6\ognl-3.2.6.jar;C:\Users\SEMON\.m2\repository\org\javassist\javassist\3.20.0-GA\javassist-3.20.0-GA.jar;C:\Users\SEMON\.m2\repository\javax\validation\validation-api\1.1.0.Final\validation-api-1.1.0.Final.jar;C:\Users\SEMON\.m2\repository\cn\afterturn\easypoi-annotation\4.4.0\easypoi-annotation-4.4.0.jar;C:\Users\SEMON\.m2\repository\mysql\mysql-connector-java\5.1.38\mysql-connector-java-5.1.38.jar;C:\Users\SEMON\.m2\repository\commons-dbutils\commons-dbutils\1.6\commons-dbutils-1.6.jar;C:\Users\SEMON\.m2\repository\io\qameta\allure\allure-testng\2.12.1\allure-testng-2.12.1.jar;C:\Users\SEMON\.m2\repository\io\qameta\allure\allure-java-commons\2.12.1\allure-java-commons-2.12.1.jar;C:\Users\SEMON\.m2\repository\io\qameta\allure\allure-model\2.12.1\allure-model-2.12.1.jar;C:\Users\SEMON\.m2\repository\org\apache\tika\tika-core\1.20\tika-core-1.20.jar;C:\Users\SEMON\.m2\repository\org\jooq\joor-java-8\0.9.10\joor-java-8-0.9.10.jar;C:\Users\SEMON\.m2\repository\org\apache\maven\plugins\maven-compiler-plugin\3.8.1\maven-compiler-plugin-3.8.1.jar;C:\Users\SEMON\.m2\repository\org\apache\maven\maven-plugin-api\3.0\maven-plugin-api-3.0.jar;C:\Users\SEMON\.m2\repository\org\apache\maven\maven-model\3.0\maven-model-3.0.jar;C:\Users\SEMON\.m2\repository\org\sonatype\sisu\sisu-inject-plexus\1.4.2\sisu-inject-plexus-1.4.2.jar;C:\Users\SEMON\.m2\repository\org\sonatype\sisu\sisu-inject-bean\1.4.2\sisu-inject-bean-1.4.2.jar;C:\Users\SEMON\.m2\repository\org\sonatype\sisu\sisu-guice\2.1.7\sisu-guice-2.1.7-noaop.jar;C:\Users\SEMON\.m2\repository\org\apache\maven\maven-artifact\3.0\maven-artifact-3.0.jar;C:\Users\SEMON\.m2\repository\org\codehaus\plexus\plexus-utils\2.0.4\plexus-utils-2.0.4.jar;C:\Users\SEMON\.m2\repository\org\apache\maven\maven-core\3.0\maven-core-3.0.jar;C:\Users\SEMON\.m2\repository\org\apache\maven\maven-settings\3.0\maven-settings-3.0.jar;C:\Users\SEMON\.m2\repository\org\apache\maven\maven-settings-builder\3.0\maven-settings-builder-3.0.jar;C:\Users\SEMON\.m2\repository\org\apache\maven\maven-repository-metadata\3.0\maven-repository-metadata-3.0.jar;C:\Users\SEMON\.m2\repository\org\apache\maven\maven-model-builder\3.0\maven-model-builder-3.0.jar;C:\Users\SEMON\.m2\repository\org\apache\maven\maven-aether-provider\3.0\maven-aether-provider-3.0.jar;C:\Users\SEMON\.m2\repository\org\sonatype\aether\aether-impl\1.7\aether-impl-1.7.jar;C:\Users\SEMON\.m2\repository\org\sonatype\aether\aether-spi\1.7\aether-spi-1.7.jar;C:\Users\SEMON\.m2\repository\org\sonatype\aether\aether-api\1.7\aether-api-1.7.jar;C:\Users\SEMON\.m2\repository\org\sonatype\aether\aether-util\1.7\aether-util-1.7.jar;C:\Users\SEMON\.m2\repository\org\codehaus\plexus\plexus-interpolation\1.14\plexus-interpolation-1.14.jar;C:\Users\SEMON\.m2\repository\org\codehaus\plexus\plexus-classworlds\2.2.3\plexus-classworlds-2.2.3.jar;C:\Users\SEMON\.m2\repository\org\codehaus\plexus\plexus-component-annotations\1.5.5\plexus-component-annotations-1.5.5.jar;C:\Users\SEMON\.m2\repository\org\sonatype\plexus\plexus-sec-dispatcher\1.3\plexus-sec-dispatcher-1.3.jar;C:\Users\SEMON\.m2\repository\org\sonatype\plexus\plexus-cipher\1.4\plexus-cipher-1.4.jar;C:\Users\SEMON\.m2\repository\org\apache\maven\shared\maven-shared-utils\3.2.1\maven-shared-utils-3.2.1.jar;C:\Users\SEMON\.m2\repository\org\apache\maven\shared\maven-shared-incremental\1.1\maven-shared-incremental-1.1.jar;C:\Users\SEMON\.m2\repository\org\codehaus\plexus\plexus-java\0.9.10\plexus-java-0.9.10.jar;C:\Users\SEMON\.m2\repository\com\thoughtworks\qdox\qdox\2.0-M8\qdox-2.0-M8.jar;C:\Users\SEMON\.m2\repository\org\codehaus\plexus\plexus-compiler-api\2.8.4\plexus-compiler-api-2.8.4.jar;C:\Users\SEMON\.m2\repository\org\codehaus\plexus\plexus-compiler-manager\2.8.4\plexus-compiler-manager-2.8.4.jar;C:\Users\SEMON\.m2\repository\org\codehaus\plexus\plexus-compiler-javac\2.8.4\plexus-compiler-javac-2.8.4.jar;C:\Users\SEMON\.m2\repository\org\aspectj\aspectjweaver\1.9.7\aspectjweaver-1.9.7.jar;C:\Users\SEMON\.m2\repository\org\apache\maven\plugins\maven-surefire-plugin\2.22.1\maven-surefire-plugin-2.22.1.jar;C:\Users\SEMON\.m2\repository\org\apache\maven\surefire\maven-surefire-common\2.22.1\maven-surefire-common-2.22.1.jar;C:\Users\SEMON\.m2\repository\org\apache\maven\plugin-tools\maven-plugin-annotations\3.5.2\maven-plugin-annotations-3.5.2.jar;C:\Users\SEMON\.m2\repository\org\apache\maven\surefire\surefire-api\2.22.1\surefire-api-2.22.1.jar;C:\Users\SEMON\.m2\repository\org\apache\maven\surefire\surefire-logger-api\2.22.1\surefire-logger-api-2.22.1.jar;C:\Users\SEMON\.m2\repository\org\apache\maven\surefire\surefire-booter\2.22.1\surefire-booter-2.22.1.jar;C:\Users\SEMON\.m2\repository\org\apache\maven\maven-plugin-descriptor\2.2.1\maven-plugin-descriptor-2.2.1.jar;C:\Users\SEMON\.m2\repository\org\codehaus\plexus\plexus-container-default\1.0-alpha-9-stable-1\plexus-container-default-1.0-alpha-9-stable-1.jar;C:\Users\SEMON\.m2\repository\junit\junit\3.8.1\junit-3.8.1.jar;C:\Users\SEMON\.m2\repository\classworlds\classworlds\1.1-alpha-2\classworlds-1.1-alpha-2.jar;C:\Users\SEMON\.m2\repository\org\apache\maven\maven-project\2.2.1\maven-project-2.2.1.jar;C:\Users\SEMON\.m2\repository\org\apache\maven\maven-profile\2.2.1\maven-profile-2.2.1.jar;C:\Users\SEMON\.m2\repository\org\apache\maven\maven-artifact-manager\2.2.1\maven-artifact-manager-2.2.1.jar;C:\Users\SEMON\.m2\repository\org\apache\maven\wagon\wagon-provider-api\1.0-beta-6\wagon-provider-api-1.0-beta-6.jar;C:\Users\SEMON\.m2\repository\backport-util-concurrent\backport-util-concurrent\3.1\backport-util-concurrent-3.1.jar;C:\Users\SEMON\.m2\repository\org\apache\maven\maven-plugin-registry\2.2.1\maven-plugin-registry-2.2.1.jar;C:\Users\SEMON\.m2\repository\org\apache\maven\maven-toolchain\2.2.1\maven-toolchain-2.2.1.jar;"/>
    <property name="allure.results.directory" value="C:\Users\SEMON\IdeaProjects\Java_project\target/allure-results"/>
    <property name="sun.cpu.endian" value="little"/>
    <property name="user.home" value="C:\Users\SEMON"/>
    <property name="user.language" value="zh"/>
    <property name="sun.stderr.encoding" value="ms936"/>
    <property name="java.specification.vendor" value="Oracle Corporation"/>
    <property name="java.home" value="C:\Program Files\Java\jdk1.8.0_65\jre"/>
    <property name="basedir" value="C:\Users\SEMON\IdeaProjects\Java_project"/>
    <property name="file.separator" value="\"/>
    <property name="line.separator" value="&#10;"/>
    <property name="sun.stdout.encoding" value="ms936"/>
    <property name="java.vm.specification.vendor" value="Oracle Corporation"/>
    <property name="java.specification.name" value="Java Platform API Specification"/>
    <property name="java.awt.graphicsenv" value="sun.awt.Win32GraphicsEnvironment"/>
    <property name="sun.boot.class.path" value="C:\Program Files\Java\jdk1.8.0_65\jre\lib\resources.jar;C:\Program Files\Java\jdk1.8.0_65\jre\lib\rt.jar;C:\Program Files\Java\jdk1.8.0_65\jre\lib\sunrsasign.jar;C:\Program Files\Java\jdk1.8.0_65\jre\lib\jsse.jar;C:\Program Files\Java\jdk1.8.0_65\jre\lib\jce.jar;C:\Program Files\Java\jdk1.8.0_65\jre\lib\charsets.jar;C:\Program Files\Java\jdk1.8.0_65\jre\lib\jfr.jar;C:\Program Files\Java\jdk1.8.0_65\jre\classes"/>
    <property name="user.script" value=""/>
    <property name="sun.management.compiler" value="HotSpot 64-Bit Tiered Compilers"/>
    <property name="java.runtime.version" value="1.8.0_65-b17"/>
    <property name="user.name" value="SEMON"/>
    <property name="path.separator" value=";"/>
    <property name="os.version" value="10.0"/>
    <property name="java.endorsed.dirs" value="C:\Program Files\Java\jdk1.8.0_65\jre\lib\endorsed"/>
    <property name="java.runtime.name" value="Java(TM) SE Runtime Environment"/>
    <property name="file.encoding" value="GBK"/>
    <property name="guice.disable.misplaced.annotation.check" value="true"/>
    <property name="java.vm.name" value="Java HotSpot(TM) 64-Bit Server VM"/>
    <property name="localRepository" value="C:\Users\SEMON\.m2\repository"/>
    <property name="java.vendor.url.bug" value="http://bugreport.sun.com/bugreport/"/>
    <property name="java.io.tmpdir" value="C:\Users\SEMON\AppData\Local\Temp\"/>
    <property name="java.version" value="1.8.0_65"/>
    <property name="user.dir" value="C:\Users\SEMON\IdeaProjects\Java_project"/>
    <property name="os.arch" value="amd64"/>
    <property name="maven.multiModuleProjectDirectory" value="C:\Users\SEMON\IdeaProjects\Java_project"/>
    <property name="java.vm.specification.name" value="Java Virtual Machine Specification"/>
    <property name="java.awt.printerjob" value="sun.awt.windows.WPrinterJob"/>
    <property name="sun.os.patch.level" value=""/>
    <property name="java.library.path" value="C:\Program Files\Java\jdk1.8.0_65\bin;C:\WINDOWS\Sun\Java\bin;C:\WINDOWS\system32;C:\WINDOWS;C:\xshell\;C:\ProgramData\Oracle\Java\javapath;C:\WINDOWS\system32;C:\WINDOWS;C:\WINDOWS\System32\Wbem;C:\WINDOWS\System32\WindowsPowerShell\v1.0\;C:\WINDOWS\System32\OpenSSH\;C:\Users\SEMON\Desktop\Intel\DAL;C:\Program Files\Intel\Intel(R) Management Engine Components\DAL;C:\Program Files\Java\jdk1.8.0_65\bin;C:\Program Files (x86)\apache-maven-3.6.3\bin;C:\Program Files (x86)\android-sdk-windows-appium\platform-tools;C:\Program Files (x86)\android-sdk-windows-appium\tools;C:\Program Files\Java\jdk1.8.0_65\jre\bin;C:\Program Files\Git\cmd;C:\Program Files\TortoiseGit\bin;C:\Users\SEMON\AppData\Local\Programs\Python\Python37\Scripts\;C:\Users\SEMON\AppData\Local\Programs\Python\Python37\;C:\Users\SEMON\AppData\Local\Microsoft\WindowsApps;;."/>
    <property name="java.vm.info" value="mixed mode"/>
    <property name="java.vendor" value="Oracle Corporation"/>
    <property name="java.vm.version" value="25.65-b01"/>
    <property name="classworlds.conf" value="C:\Program Files (x86)\apache-maven-3.6.3\bin\..\bin\m2.conf"/>
    <property name="java.ext.dirs" value="C:\Program Files\Java\jdk1.8.0_65\jre\lib\ext;C:\WINDOWS\Sun\Java\lib\ext"/>
    <property name="sun.io.unicode.encoding" value="UnicodeLittle"/>
    <property name="library.jansi.path" value="C:\Program Files (x86)\apache-maven-3.6.3\bin\..\lib\jansi-native"/>
    <property name="java.class.version" value="52.0"/>
  </properties>
  <testcase name="testRegister" classname="com.lemon.testcase.LemonRegister" time="2.093">
    <failure type="java.lang.NullPointerException">java.lang.NullPointerException
	at com.lemon.testcase.LemonRegister.testRegister(LemonRegister.java:114)
</failure>
    <system-out><![CDATA[0
{{phone_investor}}
phone_investor
{{phone_investor}}
phone_investor
{{phone_investor}}
phone_investor
接口断言成功，断言内容：：实际结果：0 预期结果：0
接口断言成功，断言内容：：实际结果：OK 预期结果：OK
接口断言成功，断言内容：：实际结果：13123302546 预期结果：13123302546
1
数据库断言成功，断言内容：：实际结果：1 预期结果：1
]]></system-out>
    <system-err><![CDATA[SLF4J: Failed to load class "org.slf4j.impl.StaticLoggerBinder".
SLF4J: Defaulting to no-operation (NOP) logger implementation
SLF4J: See http://www.slf4j.org/codes.html#StaticLoggerBinder for further details.
]]></system-err>
  </testcase>
  <testcase name="testRegister" classname="com.lemon.testcase.LemonRegister" time="0.489">
    <failure type="java.lang.NullPointerException">java.lang.NullPointerException
	at com.lemon.testcase.LemonRegister.testRegister(LemonRegister.java:114)
</failure>
    <system-out><![CDATA[0
{{phone_borrower}}
phone_borrower
{{phone_borrower}}
phone_borrower
{{phone_borrower}}
phone_borrower
接口断言成功，断言内容：：实际结果：0 预期结果：0
接口断言成功，断言内容：：实际结果：OK 预期结果：OK
接口断言成功，断言内容：：实际结果：13135263576 预期结果：13135263576
1
数据库断言成功，断言内容：：实际结果：1 预期结果：1
]]></system-out>
  </testcase>
  <testcase name="testRegister" classname="com.lemon.testcase.LemonRegister" time="0.486">
    <failure type="java.lang.NullPointerException">java.lang.NullPointerException
	at com.lemon.testcase.LemonRegister.testRegister(LemonRegister.java:114)
</failure>
    <system-out><![CDATA[0
{{phone_admin}}
phone_admin
{{phone_admin}}
phone_admin
{{phone_admin}}
phone_admin
接口断言成功，断言内容：：实际结果：0 预期结果：0
接口断言成功，断言内容：：实际结果：OK 预期结果：OK
接口断言成功，断言内容：：实际结果：13113643266 预期结果：13113643266
1
数据库断言成功，断言内容：：实际结果：1 预期结果：1
]]></system-out>
  </testcase>
  <testcase name="testRegister" classname="com.lemon.testcase.LemonRegister" time="0.17">
    <failure type="java.lang.NullPointerException">java.lang.NullPointerException
	at com.lemon.testcase.LemonRegister.testRegister(LemonRegister.java:114)
</failure>
    <system-out><![CDATA[接口断言成功，断言内容：：实际结果：2 预期结果：2
接口断言成功，断言内容：：实际结果：账号已存在 预期结果：账号已存在
]]></system-out>
  </testcase>
  <testcase name="testRegister" classname="com.lemon.testcase.LemonRegister" time="0.062">
    <failure type="java.lang.NullPointerException">java.lang.NullPointerException
	at com.lemon.testcase.LemonRegister.testRegister(LemonRegister.java:114)
</failure>
    <system-out><![CDATA[接口断言成功，断言内容：：实际结果：2 预期结果：2
接口断言成功，断言内容：：实际结果：无效的手机格式 预期结果：无效的手机格式
]]></system-out>
  </testcase>
  <testcase name="testRegister" classname="com.lemon.testcase.LemonRegister" time="0.087">
    <failure type="java.lang.NullPointerException">java.lang.NullPointerException
	at com.lemon.testcase.LemonRegister.testRegister(LemonRegister.java:114)
</failure>
    <system-out><![CDATA[接口断言成功，断言内容：：实际结果：2 预期结果：2
接口断言成功，断言内容：：实际结果：无效的手机格式 预期结果：无效的手机格式
]]></system-out>
  </testcase>
  <testcase name="testRegister" classname="com.lemon.testcase.LemonRegister" time="0.16">
    <failure type="java.lang.NullPointerException">java.lang.NullPointerException
	at com.lemon.testcase.LemonRegister.testRegister(LemonRegister.java:114)
</failure>
    <system-out><![CDATA[接口断言成功，断言内容：：实际结果：2 预期结果：2
接口断言成功，断言内容：：实际结果：账号已存在 预期结果：账号已存在
]]></system-out>
  </testcase>
  <testcase name="testRegister" classname="com.lemon.testcase.LemonRegister" time="0.065">
    <failure type="java.lang.NullPointerException">java.lang.NullPointerException
	at com.lemon.testcase.LemonRegister.testRegister(LemonRegister.java:114)
</failure>
    <system-out><![CDATA[接口断言成功，断言内容：：实际结果：2 预期结果：2
接口断言成功，断言内容：：实际结果：无效的手机格式 预期结果：无效的手机格式
]]></system-out>
  </testcase>
  <testcase name="testRegister" classname="com.lemon.testcase.LemonRegister" time="0.059">
    <failure type="java.lang.NullPointerException">java.lang.NullPointerException
	at com.lemon.testcase.LemonRegister.testRegister(LemonRegister.java:114)
</failure>
    <system-out><![CDATA[接口断言成功，断言内容：：实际结果：2 预期结果：2
接口断言成功，断言内容：：实际结果：无效的手机格式 预期结果：无效的手机格式
]]></system-out>
  </testcase>
  <testcase name="testRegister" classname="com.lemon.testcase.LemonRegister" time="0.055">
    <failure type="java.lang.NullPointerException">java.lang.NullPointerException
	at com.lemon.testcase.LemonRegister.testRegister(LemonRegister.java:114)
</failure>
    <system-out><![CDATA[接口断言成功，断言内容：：实际结果：1 预期结果：1
接口断言成功，断言内容：：实际结果：手机号为空 预期结果：手机号为空
]]></system-out>
  </testcase>
  <testcase name="testRegister" classname="com.lemon.testcase.LemonRegister" time="0.053">
    <failure type="java.lang.NullPointerException">java.lang.NullPointerException
	at com.lemon.testcase.LemonRegister.testRegister(LemonRegister.java:114)
</failure>
    <system-out><![CDATA[接口断言成功，断言内容：：实际结果：2 预期结果：2
接口断言成功，断言内容：：实际结果：密码格式为8到16位 预期结果：密码格式为8到16位
]]></system-out>
  </testcase>
  <testcase name="testRegister" classname="com.lemon.testcase.LemonRegister" time="0.061">
    <failure type="java.lang.NullPointerException">java.lang.NullPointerException
	at com.lemon.testcase.LemonRegister.testRegister(LemonRegister.java:114)
</failure>
    <system-out><![CDATA[接口断言成功，断言内容：：实际结果：2 预期结果：2
接口断言成功，断言内容：：实际结果：密码格式为8到16位 预期结果：密码格式为8到16位
]]></system-out>
  </testcase>
  <testcase name="testRegister" classname="com.lemon.testcase.LemonRegister" time="0.057">
    <failure type="java.lang.NullPointerException">java.lang.NullPointerException
	at com.lemon.testcase.LemonRegister.testRegister(LemonRegister.java:114)
</failure>
    <system-out><![CDATA[接口断言成功，断言内容：：实际结果：1 预期结果：1
接口断言成功，断言内容：：实际结果：密码为空 预期结果：密码为空
]]></system-out>
  </testcase>
  <testcase name="testLogin" classname="com.lemon.testcase.LemonLogin" time="0.207"/>
  <testcase name="testLogin" classname="com.lemon.testcase.LemonLogin" time="0.181"/>
  <testcase name="testLogin" classname="com.lemon.testcase.LemonLogin" time="0.202"/>
  <testcase name="testLogin" classname="com.lemon.testcase.LemonLogin" time="0.075"/>
  <testcase name="testLogin" classname="com.lemon.testcase.LemonLogin" time="0.058"/>
  <testcase name="testLogin" classname="com.lemon.testcase.LemonLogin" time="0.153"/>
  <testcase name="testLogin" classname="com.lemon.testcase.LemonLogin" time="0.06"/>
  <testcase name="testLogin" classname="com.lemon.testcase.LemonLogin" time="0.06"/>
  <testcase name="testLogin" classname="com.lemon.testcase.LemonLogin" time="0.065"/>
  <testcase name="testLogin" classname="com.lemon.testcase.LemonLogin" time="0.159"/>
  <testcase name="testLogin" classname="com.lemon.testcase.LemonLogin" time="0.16"/>
  <testcase name="testLogin" classname="com.lemon.testcase.LemonLogin" time="0.055"/>
  <testcase name="testGetUserInfo" classname="com.lemon.testcase.LemonGetUserInfo" time="0.085"/>
  <testcase name="testGetUserInfo" classname="com.lemon.testcase.LemonGetUserInfo" time="0.053"/>
  <testcase name="testGetUserInfo" classname="com.lemon.testcase.LemonGetUserInfo" time="0.051"/>
  <testcase name="testRecharge" classname="com.lemon.testcase.LemonRecharge" time="0.374"/>
  <testcase name="testRecharge" classname="com.lemon.testcase.LemonRecharge" time="0.293"/>
  <testcase name="testRecharge" classname="com.lemon.testcase.LemonRecharge" time="0.091"/>
  <testcase name="testRecharge" classname="com.lemon.testcase.LemonRecharge" time="0.051"/>
  <testcase name="testRecharge" classname="com.lemon.testcase.LemonRecharge" time="0.052"/>
  <testcase name="testRecharge" classname="com.lemon.testcase.LemonRecharge" time="0.052"/>
  <testcase name="testRecharge" classname="com.lemon.testcase.LemonRecharge" time="0.052"/>
  <testcase name="testRecharge" classname="com.lemon.testcase.LemonRecharge" time="0.051"/>
  <testcase name="testRecharge" classname="com.lemon.testcase.LemonRecharge" time="0.061"/>
  <testcase name="testRecharge" classname="com.lemon.testcase.LemonRecharge" time="0.06"/>
  <testcase name="testWithdraw" classname="com.lemon.testcase.LemonWithdraw" time="0.294"/>
  <testcase name="testWithdraw" classname="com.lemon.testcase.LemonWithdraw" time="0.298"/>
  <testcase name="testWithdraw" classname="com.lemon.testcase.LemonWithdraw" time="0.068"/>
  <testcase name="testWithdraw" classname="com.lemon.testcase.LemonWithdraw" time="0.067"/>
  <testcase name="testWithdraw" classname="com.lemon.testcase.LemonWithdraw" time="0.062"/>
  <testcase name="testWithdraw" classname="com.lemon.testcase.LemonWithdraw" time="0.061"/>
  <testcase name="testWithdraw" classname="com.lemon.testcase.LemonWithdraw" time="0.057"/>
  <testcase name="testWithdraw" classname="com.lemon.testcase.LemonWithdraw" time="0.052"/>
  <testcase name="testWithdraw" classname="com.lemon.testcase.LemonWithdraw" time="0.054"/>
  <testcase name="testWithdraw" classname="com.lemon.testcase.LemonWithdraw" time="0.063"/>
  <testcase name="testAdd" classname="com.lemon.testcase.LemonAdd" time="0.275"/>
  <testcase name="testAdd" classname="com.lemon.testcase.LemonAdd" time="0.181"/>
  <testcase name="testAdd" classname="com.lemon.testcase.LemonAdd" time="0.054"/>
  <testcase name="testAdd" classname="com.lemon.testcase.LemonAdd" time="0.06"/>
  <testcase name="testAdd" classname="com.lemon.testcase.LemonAdd" time="0.07"/>
  <testcase name="testAdd" classname="com.lemon.testcase.LemonAdd" time="0.059"/>
  <testcase name="testAdd" classname="com.lemon.testcase.LemonAdd" time="0.059"/>
  <testcase name="testAdd" classname="com.lemon.testcase.LemonAdd" time="0.051"/>
  <testcase name="testAdd" classname="com.lemon.testcase.LemonAdd" time="0.048"/>
  <testcase name="testAdd" classname="com.lemon.testcase.LemonAdd" time="0.051"/>
  <testcase name="testAdd" classname="com.lemon.testcase.LemonAdd" time="0.064"/>
  <testcase name="testAdd" classname="com.lemon.testcase.LemonAdd" time="0.052"/>
  <testcase name="testAdd" classname="com.lemon.testcase.LemonAdd" time="0.061"/>
  <testcase name="testAdd" classname="com.lemon.testcase.LemonAdd" time="0.049"/>
  <testcase name="testAdd" classname="com.lemon.testcase.LemonAdd" time="0.045"/>
  <testcase name="testAudit" classname="com.lemon.testcase.LemonAudit" time="0.08"/>
  <testcase name="testAudit" classname="com.lemon.testcase.LemonAudit" time="0.068"/>
  <testcase name="testAudit" classname="com.lemon.testcase.LemonAudit" time="0.056"/>
</testsuite>