<?xml version="1.0" encoding="UTF-8"?>
<!-- Generated by org.testng.reporters.JUnitReportReporter -->
<testsuite skipped="0" hostname="DESKTOP-3PU7R58" name="com.lemon.testcase.LemonWithdraw" tests="10" failures="0" timestamp="19 九月 2021 16:07:38 GMT" time="1.080" errors="0">
  <testcase name="testWithdraw" time="0.298" classname="com.lemon.testcase.LemonWithdraw"/>
  <testcase name="testWithdraw" time="0.054" classname="com.lemon.testcase.LemonWithdraw"/>
  <testcase name="testWithdraw" time="0.294" classname="com.lemon.testcase.LemonWithdraw"/>
  <testcase name="testWithdraw" time="0.058" classname="com.lemon.testcase.LemonWithdraw"/>
  <testcase name="testWithdraw" time="0.061" classname="com.lemon.testcase.LemonWithdraw"/>
  <testcase name="testWithdraw" time="0.054" classname="com.lemon.testcase.LemonWithdraw"/>
  <testcase name="testWithdraw" time="0.068" classname="com.lemon.testcase.LemonWithdraw"/>
  <testcase name="testWithdraw" time="0.068" classname="com.lemon.testcase.LemonWithdraw"/>
  <testcase name="testWithdraw" time="0.062" classname="com.lemon.testcase.LemonWithdraw"/>
  <testcase name="testWithdraw" time="0.063" classname="com.lemon.testcase.LemonWithdraw"/>
</testsuite> <!-- com.lemon.testcase.LemonWithdraw -->
