<?xml version="1.0" encoding="UTF-8"?>
<!-- Generated by org.testng.reporters.JUnitReportReporter -->
<testsuite skipped="0" hostname="DESKTOP-3PU7R58" name="com.lemon.testcase.LemonRecharge" tests="10" failures="0" timestamp="19 九月 2021 16:07:38 GMT" time="1.138" errors="0">
  <testcase name="testRecharge" time="0.052" classname="com.lemon.testcase.LemonRecharge"/>
  <testcase name="testRecharge" time="0.092" classname="com.lemon.testcase.LemonRecharge"/>
  <testcase name="testRecharge" time="0.292" classname="com.lemon.testcase.LemonRecharge"/>
  <testcase name="testRecharge" time="0.060" classname="com.lemon.testcase.LemonRecharge"/>
  <testcase name="testRecharge" time="0.053" classname="com.lemon.testcase.LemonRecharge"/>
  <testcase name="testRecharge" time="0.374" classname="com.lemon.testcase.LemonRecharge"/>
  <testcase name="testRecharge" time="0.051" classname="com.lemon.testcase.LemonRecharge"/>
  <testcase name="testRecharge" time="0.050" classname="com.lemon.testcase.LemonRecharge"/>
  <testcase name="testRecharge" time="0.061" classname="com.lemon.testcase.LemonRecharge"/>
  <testcase name="testRecharge" time="0.053" classname="com.lemon.testcase.LemonRecharge"/>
</testsuite> <!-- com.lemon.testcase.LemonRecharge -->
