<?xml version="1.0" encoding="UTF-8"?>
<!-- Generated by org.testng.reporters.JUnitReportReporter -->
<testsuite skipped="0" hostname="DESKTOP-3PU7R58" name="com.lemon.testcase.LemonAudit" tests="3" failures="0" timestamp="19 九月 2021 16:07:38 GMT" time="0.204" errors="0">
  <testcase name="testAudit" time="0.068" classname="com.lemon.testcase.LemonAudit"/>
  <testcase name="testAudit" time="0.081" classname="com.lemon.testcase.LemonAudit"/>
  <testcase name="testAudit" time="0.055" classname="com.lemon.testcase.LemonAudit"/>
</testsuite> <!-- com.lemon.testcase.LemonAudit -->
