<?xml version="1.0" encoding="UTF-8"?>
<!-- Generated by org.testng.reporters.JUnitReportReporter -->
<testsuite skipped="0" hostname="DESKTOP-3PU7R58" name="com.lemon.testcase.LemonAdd" tests="15" failures="0" timestamp="19 九月 2021 16:07:38 GMT" time="1.182" errors="0">
  <testcase name="testAdd" time="0.181" classname="com.lemon.testcase.LemonAdd"/>
  <testcase name="testAdd" time="0.049" classname="com.lemon.testcase.LemonAdd"/>
  <testcase name="testAdd" time="0.055" classname="com.lemon.testcase.LemonAdd"/>
  <testcase name="testAdd" time="0.052" classname="com.lemon.testcase.LemonAdd"/>
  <testcase name="testAdd" time="0.051" classname="com.lemon.testcase.LemonAdd"/>
  <testcase name="testAdd" time="0.058" classname="com.lemon.testcase.LemonAdd"/>
  <testcase name="testAdd" time="0.059" classname="com.lemon.testcase.LemonAdd"/>
  <testcase name="testAdd" time="0.049" classname="com.lemon.testcase.LemonAdd"/>
  <testcase name="testAdd" time="0.060" classname="com.lemon.testcase.LemonAdd"/>
  <testcase name="testAdd" time="0.069" classname="com.lemon.testcase.LemonAdd"/>
  <testcase name="testAdd" time="0.064" classname="com.lemon.testcase.LemonAdd"/>
  <testcase name="testAdd" time="0.046" classname="com.lemon.testcase.LemonAdd"/>
  <testcase name="testAdd" time="0.053" classname="com.lemon.testcase.LemonAdd"/>
  <testcase name="testAdd" time="0.061" classname="com.lemon.testcase.LemonAdd"/>
  <testcase name="testAdd" time="0.275" classname="com.lemon.testcase.LemonAdd"/>
</testsuite> <!-- com.lemon.testcase.LemonAdd -->
