<?xml version="1.0" encoding="UTF-8"?>
<!-- Generated by org.testng.reporters.JUnitReportReporter -->
<testsuite skipped="0" hostname="DESKTOP-3PU7R58" name="com.lemon.testcase.LemonGetUserInfo" tests="3" failures="0" timestamp="19 九月 2021 16:07:38 GMT" time="0.187" errors="0">
  <testcase name="testGetUserInfo" time="0.051" classname="com.lemon.testcase.LemonGetUserInfo"/>
  <testcase name="testGetUserInfo" time="0.053" classname="com.lemon.testcase.LemonGetUserInfo"/>
  <testcase name="testGetUserInfo" time="0.083" classname="com.lemon.testcase.LemonGetUserInfo"/>
</testsuite> <!-- com.lemon.testcase.LemonGetUserInfo -->
