<?xml version="1.0" encoding="UTF-8"?>
<!-- Generated by org.testng.reporters.JUnitReportReporter -->
<testsuite skipped="0" hostname="DESKTOP-3PU7R58" name="com.lemon.testcase.LemonLogin" tests="12" failures="0" timestamp="19 九月 2021 16:07:38 GMT" time="1.432" errors="0">
  <testcase name="testLogin" time="0.064" classname="com.lemon.testcase.LemonLogin"/>
  <testcase name="testLogin" time="0.160" classname="com.lemon.testcase.LemonLogin"/>
  <testcase name="testLogin" time="0.201" classname="com.lemon.testcase.LemonLogin"/>
  <testcase name="testLogin" time="0.206" classname="com.lemon.testcase.LemonLogin"/>
  <testcase name="testLogin" time="0.058" classname="com.lemon.testcase.LemonLogin"/>
  <testcase name="testLogin" time="0.061" classname="com.lemon.testcase.LemonLogin"/>
  <testcase name="testLogin" time="0.059" classname="com.lemon.testcase.LemonLogin"/>
  <testcase name="testLogin" time="0.055" classname="com.lemon.testcase.LemonLogin"/>
  <testcase name="testLogin" time="0.074" classname="com.lemon.testcase.LemonLogin"/>
  <testcase name="testLogin" time="0.182" classname="com.lemon.testcase.LemonLogin"/>
  <testcase name="testLogin" time="0.153" classname="com.lemon.testcase.LemonLogin"/>
  <testcase name="testLogin" time="0.159" classname="com.lemon.testcase.LemonLogin"/>
</testsuite> <!-- com.lemon.testcase.LemonLogin -->
